TN:
SF:src\getAllData.ts
FN:4,getAll
FNF:1
FNH:1
FNDA:4,getAll
DA:1,1
DA:2,1
DA:3,1
DA:4,1
DA:5,4
DA:6,4
DA:7,4
DA:8,4
DA:9,4
DA:10,4
DA:11,4
DA:12,4
DA:13,4
DA:14,4
DA:15,4
DA:16,4
DA:17,4
DA:18,4
DA:19,4
DA:20,4
DA:21,4
DA:22,4
DA:23,4
DA:24,1
DA:25,1
DA:26,1
DA:27,1
DA:28,1
DA:29,1
DA:30,1
DA:31,3
DA:32,3
DA:33,3
DA:34,3
DA:35,3
DA:36,3
DA:37,3
DA:38,3
DA:39,33
DA:40,3
DA:41,3
DA:42,3
DA:43,3
DA:44,3
DA:45,3
DA:46,3
DA:47,3
DA:48,3
DA:49,3
DA:50,3
DA:51,3
DA:52,3
DA:53,3
DA:54,3
DA:55,3
DA:56,3
DA:57,3
DA:58,3
DA:59,3
DA:60,3
DA:61,3
DA:62,3
DA:63,3
DA:64,3
DA:65,1
DA:66,1
DA:67,1
DA:68,1
LF:68
LH:68
BRDA:4,0,0,4
BRDA:4,1,0,4
BRDA:7,2,0,1
BRDA:8,3,0,1
BRDA:9,4,0,1
BRDA:23,5,0,2
BRDA:23,6,0,1
BRDA:31,7,0,3
BRDA:38,8,0,33
BRF:9
BRH:9
end_of_record
TN:
SF:src\getData.ts
FN:40,getCacheKey
FN:43,getFromCache
FN:57,saveToCache
FN:70,getMealsByCategoryWithCache
FN:87,getCharacters
FN:158,getMealDetailsWithCache
FN:174,getSpeciesWithCache
FNF:7
FNH:7
FNDA:9,getCacheKey
FNDA:9,getFromCache
FNDA:8,saveToCache
FNDA:2,getMealsByCategoryWithCache
FNDA:2,getCharacters
FNDA:5,getMealDetailsWithCache
FNDA:2,getSpeciesWithCache
DA:1,1
DA:2,1
DA:3,1
DA:4,1
DA:5,1
DA:6,1
DA:7,1
DA:8,1
DA:9,1
DA:10,1
DA:11,1
DA:12,1
DA:13,1
DA:14,1
DA:15,1
DA:16,1
DA:17,1
DA:18,1
DA:19,1
DA:20,1
DA:21,1
DA:22,1
DA:23,1
DA:24,1
DA:25,1
DA:26,1
DA:27,1
DA:28,1
DA:29,1
DA:30,1
DA:31,1
DA:32,1
DA:33,1
DA:34,1
DA:35,1
DA:36,1
DA:37,1
DA:38,1
DA:39,1
DA:40,1
DA:41,1
DA:42,1
DA:43,1
DA:44,9
DA:45,9
DA:46,9
DA:47,9
DA:48,9
DA:49,9
DA:50,9
DA:51,0
DA:52,0
DA:53,9
DA:54,9
DA:55,1
DA:56,1
DA:57,1
DA:58,8
DA:59,8
DA:60,8
DA:61,8
DA:62,8
DA:63,8
DA:64,8
DA:65,8
DA:66,8
DA:67,8
DA:68,1
DA:69,1
DA:70,1
DA:71,2
DA:72,2
DA:73,2
DA:74,2
DA:75,0
DA:76,0
DA:77,2
DA:78,2
DA:79,2
DA:80,2
DA:81,2
DA:82,2
DA:83,2
DA:84,2
DA:85,1
DA:86,1
DA:87,1
DA:88,2
DA:89,2
DA:90,2
DA:91,2
DA:92,2
DA:93,2
DA:94,2
DA:95,1
DA:96,1
DA:97,1
DA:98,1
DA:99,1
DA:100,1
DA:101,1
DA:102,1
DA:103,1
DA:104,2
DA:105,2
DA:106,2
DA:107,0
DA:108,0
DA:109,2
DA:110,1
DA:111,1
DA:112,1
DA:113,1
DA:114,1
DA:115,1
DA:116,1
DA:117,1
DA:118,1
DA:119,1
DA:120,5
DA:121,5
DA:122,5
DA:123,5
DA:124,0
DA:125,0
DA:126,5
DA:127,1
DA:128,1
DA:129,1
DA:130,1
DA:131,1
DA:132,1
DA:133,1
DA:134,1
DA:135,1
DA:136,1
DA:137,1
DA:138,1
DA:139,1
DA:140,1
DA:141,1
DA:142,1
DA:143,1
DA:144,1
DA:145,1
DA:146,1
DA:147,1
DA:148,1
DA:149,1
DA:150,1
DA:151,1
DA:152,1
DA:153,1
DA:154,1
DA:155,1
DA:156,2
DA:157,1
DA:158,1
DA:159,5
DA:160,5
DA:161,5
DA:162,5
DA:163,0
DA:164,0
DA:165,5
DA:166,5
DA:167,5
DA:168,5
DA:169,5
DA:170,5
DA:171,5
DA:172,5
DA:173,1
DA:174,1
DA:175,2
DA:176,2
DA:177,2
DA:178,2
DA:179,0
DA:180,0
DA:181,2
DA:182,2
DA:183,2
DA:184,2
DA:185,1
DA:186,1
DA:187,1
DA:188,1
DA:189,1
DA:190,1
DA:191,1
DA:192,1
LF:192
LH:180
BRDA:40,0,0,9
BRDA:43,1,0,9
BRDA:43,2,0,9
BRDA:50,3,0,0
BRDA:50,4,0,0
BRDA:57,5,0,8
BRDA:57,6,0,8
BRDA:70,7,0,2
BRDA:70,8,0,2
BRDA:74,9,0,0
BRDA:82,10,0,0
BRDA:83,11,0,0
BRDA:87,12,0,2
BRDA:87,13,0,2
BRDA:95,14,0,1
BRDA:103,15,0,2
BRDA:103,16,0,2
BRDA:106,17,0,0
BRDA:119,18,0,5
BRDA:119,19,0,5
BRDA:123,20,0,0
BRDA:135,21,0,5
BRDA:158,22,0,5
BRDA:158,23,0,5
BRDA:162,24,0,0
BRDA:174,25,0,2
BRDA:174,26,0,2
BRDA:178,27,0,0
BRDA:185,28,0,1
BRF:29
BRH:20
end_of_record
TN:
SF:src\saveData.ts
FN:9,saveUser
FNF:1
FNH:1
FNDA:3,saveUser
DA:1,1
DA:2,1
DA:3,1
DA:4,1
DA:5,1
DA:6,1
DA:7,1
DA:8,1
DA:9,1
DA:10,3
DA:11,3
DA:12,3
DA:13,3
DA:14,3
DA:15,1
DA:16,1
DA:17,1
DA:18,1
DA:19,1
DA:20,2
DA:21,2
DA:22,2
DA:23,2
DA:24,2
DA:25,2
DA:26,2
DA:27,2
DA:28,2
DA:29,2
DA:30,2
DA:31,2
DA:32,2
DA:33,2
DA:34,2
DA:35,2
DA:36,2
DA:37,2
DA:38,1
DA:39,1
DA:40,1
DA:41,1
DA:42,1
DA:43,1
DA:44,1
DA:45,1
DA:46,1
DA:47,1
DA:48,1
DA:49,3
DA:50,1
DA:51,1
DA:52,1
DA:53,1
LF:53
LH:53
BRDA:9,0,0,3
BRDA:9,1,0,3
BRDA:14,2,0,2
BRDA:14,3,0,1
BRDA:20,4,0,2
BRDA:38,5,0,1
BRDA:45,6,0,0
BRF:7
BRH:6
end_of_record
TN:
SF:src\tests\example.ts
FN:1,sum
FNF:1
FNH:1
FNDA:1,sum
DA:1,1
LF:1
LH:1
BRDA:1,0,0,1
BRF:1
BRH:1
end_of_record
